
                 *********************************************
                 *                                           *
                 *             A I M - S p i c e             *
                 *                                           *
                 *         Professional Version 2017.110           *
                 *                                           *
                 *********************************************

	Date: Mon Nov 14 20:41:00 2022
	Circuit File: \\tsclient\C\Users\espen\Repositories\TFE4152\TFE4152-Memory-Array\AIM-Spice\bitcell_nor.cir
	Analysis: Transient

**************************  Circuit Description  **************************

     1:  *******************************************
     2:  * INCLUDES
     3:  *******************************************
     4:  *include gpdk90nm_fs.cir
     5:  .param s1v_rs_ne=0.000000e+000 s1v_vsat_ne=1.120000e+005 s1v_pldd_surf=6.000000e+019 s1v_uc1_ne=3.700000e-010 s1v_u0_ne=2.600000e-002  s1v_nch_ne=4.680000e+017 s1v_rsc_ne=4.082483e-014 s1v_cgbo_ne=1.482000e-011 s1v_prt_ne=1.000000e+001 s1v_rdc_ne=4.082483e-014  s1v_vth0_ne=1.518852e-001 s1v_k2_ne=0.000000e+000 s1v_cgdo_ne=2.667600e-010 s1v_ckappa_ne=4.605336e+000 s1v_wint_ne=5.400000e-009   s1v_k1_ne=2.825346e-001 s1v_cgsl_ne=1.111500e-010 s1v_nldd_surf=3.000000e+019 s1v_js_ne=3.366667e-006 s1v_hdif_ne=1.400000e-007 s1v_rdsw_ne=3.900000e-006  s1v_jsw_ne=3.366667e-010 s1v_tox_ne=2.097000e-009 s1v_cj_ne=7.983537e-004 s1v_cjsw_ne=4.790122e-011 s1v_ldif_ne=1.000000e-008 s1v_xj_ne=2.500000e-008  s1v_rd_ne=0.000000e+000 s1v_pb_ne=9.918524e-001 s1v_cf_ne=4.594612e-011 s1v_lint_ne=1.650000e-008 s1v_cjswg_ne=1.995884e-011 s1v_rsh_ne=1.000000e+001  s1v_u0_pe=8.400000e-003 s1v_nch_pe=4.400000e+017 s1v_rsc_pe=2.886751e-014 s1v_cgbo_pe=1.392363e-011 s1v_rdc_pe=2.886751e-014 s1v_vth0_pe=-1.491351e-001  s1v_k2_pe=0.000000e+000 s1v_cgdo_pe=2.506253e-010 s1v_ckappa_pe=1.043477e+001 s1v_wint_pe=5.500000e-009 s1v_k1_pe=2.637520e-001 s1v_cgsl_pe=1.044272e-010  s1v_js_pe=3.350000e-006 s1v_hdif_pe=1.400000e-007 s1v_rdsw_pe=7.800000e-006 s1v_jsw_pe=3.350000e-010 s1v_tox_pe=2.728000e-009 s1v_cj_pe=7.912252e-004   s1v_cjsw_pe=4.747351e-011 s1v_ldif_pe=1.000000e-008 s1v_xj_pe=2.500000e-008 s1v_rd_pe=0.000000e+000 s1v_pb_pe=1.009805e+000 s1v_cf_pe=4.527118e-011   s1v_lint_pe=1.350000e-008 s1v_cjswg_pe=1.978063e-011 s1v_rsh_pe=2.000000e+001 s1v_rs_pe=0.000000e+000 s1v_vsat_pe=1.000000e+005   gleak_scale=1.0 s1v_nat_vth0_ne=0.018852e-001 s1v_nat_k1_ne=2.825346e-002 pvt_mc=0 pu0_mc=0 pltw_mc=0
     6:  .subckt nmos1v d g s b param: l=0.1u w=10u simm=1 nrd={s1v_hdif_ne/w} nrs={s1v_hdif_ne/w} as=1p ad=1p ps=1u pd=1u garea={w*l}
     7:  + maforward={2.5e3*garea*gleak_scale} mareverse={.03*maforward} varvt=0.004 geo_fac={0.7071/sqrt(l*w*simm*1e12)} mm_delvt={varvt*geo_fac*pvt_mc}
     8:  + mm_mu0={1-(0.005*geo_fac*pu0_mc)} mm_dl={2e-03*geo_fac*l*pltw_mc} mm_dw={-24e-03*geo_fac*w*pltw_mc} mm_dtox={2e-03*geo_fac*s1v_tox_ne*pltw_mc}
     9:  m1 d g s b gpdk090_nmos1v_x w=w l=l as=as ad=ad ps=ps pd=pd nrd=nrd nrs=nrs
    10:  .model gpdk090_nmos1v_x nmos level=18 lmin=0 lmax=1 wmin=0 wmax=1 tnom=25 version=3.2 tox={s1v_tox_ne+mm_dtox} toxm={s1v_tox_ne+mm_dtox} xj=s1v_xj_ne
    11:  + nch=s1v_nch_ne lln=1 lwn=1 wln=1 wwn=-1 lint=s1v_lint_ne ll=0 lw=0 lwl=0 wint=s1v_wint_ne wl=0 ww=0 wwl=0 mobmod=1 binunit=2 dwg=0.00 
    12:  + dwb=0 rsh=s1v_rsh_ne vth0={s1v_vth0_ne+mm_delvt} k1=s1v_k1_ne k2=s1v_k2_ne k3=-2.3 dvt0=3.86366 dvt1=1.2 dvt2=5.0299990e-2 dvt0w=0 dvt1w=0
    13:  + dvt2w=0 nlx=1.2517999e-7 w0={-7.1353e-9} k3b=0.5576769 ngate=4e20 vsat=s1v_vsat_ne ua={-6.18795e-10} ub=1.8806652e-18 uc=1.3823546e-10
    14:  + rdsw=s1v_rdsw_ne prwb=0 prwg=0 wr=1 u0={s1v_u0_ne*mm_mu0} a0=2.375 keta={-3.1429991e-2} a1=0 a2=0.99 ags=0.89 b0=0 b1=0 voff={-9.6776e-2}
    15:  + nfactor=1.02 cit={-8.6656060e-4} cdsc=4.446e-2 cdscb=1.056511e-2 cdscd=0 eta0=7.658e-2 etab={-3.4998e-2} dsub=0.22 pclm=1.5488822 pdiblc1=0
    16:  + pdiblc2=2.4648249e-2 pdiblcb=0 drout=0 pscbe1=9.26482e8 pscbe2=1e-20 pvag=0 delta=7.5e-3 alpha0=0 alpha1=0.0177 beta0=6.3203 kt1=-0.13 kt2=-0.042
    17:  + at=9e4 ute=-1.730356 ua1=1.8035814e-9 ub1={-2.1874742e-18} uc1=s1v_uc1_ne kt1l=0 prt=s1v_prt_ne cj=s1v_cj_ne mj=0.222 pb=s1v_pb_ne cjsw=s1v_cjsw_ne
    18:  + mjsw=0.01 pbsw=0.1 cjswg=s1v_cjswg_ne mjswg=0.5028 pbswg=0.6859 tpb=1.3e-3 tpbsw=0 tpbswg=2.81e-3 tcj=7.61e-4 tcjsw=1.04e-3 tcjswg=1.63e-3
    19:  + js=s1v_js_ne jsw=s1v_jsw_ne xti=3 cgdo=s1v_cgdo_ne cgso=s1v_cgdo_ne cgbo=s1v_cgbo_ne capmod=2 elm=5 xpart=1 cgsl=s1v_cgsl_ne cgdl=s1v_cgsl_ne
    20:  + ckappa=s1v_ckappa_ne cf=s1v_cf_ne clc=1e-7 cle=0.6 dlc=1.89e-8 dwc=1.62e-8 llc=1.53e-16 lwc={-9e-16} wlc=0 wwc=-0.0989 lwlc=0 wwlc=0 acde=0.5 moin=10.5
    21:  + noff=1.85 voffcv=-0.048 lvoffcv=2e-9 ijth=1 noia=1e+19 noib=2e+4 noic=1e-13 ef=1 noimod=2 em=4e+7
    22:  .ends
    23:  .subckt pmos1v d g s b param: l=0.1u w=10u simm=1 nrd={s1v_hdif_pe/w} nrs={s1v_hdif_pe/w} as=1p ad=1p ps=1u pd=1u garea={w*l}
    24:  + maforward={1.6e3*garea*gleak_scale} mareverse={.03*maforward} varvt=0.003 geo_fac={0.7071/sqrt(l*w*simm*1e12)} mm_delvt={varvt*geo_fac*pvt_mc}
    25:  + mm_mu0={1-(0.005*geo_fac*pu0_mc)} mm_dl={2e-3*geo_fac*l*pltw_mc} mm_dw={-24e-3*geo_fac*w*pltw_mc} mm_dtox={2e-3*geo_fac*s1v_tox_pe*pltw_mc}
    26:  m1 d g s b gpdk090_pmos1v_x w=w l=l as=as ad=ad ps=ps pd=pd nrd=nrd nrs=nrs
    27:  .model gpdk090_pmos1v_x pmos level=18 lmin=0 lmax=1 wmin=0 wmax=1 tnom=25 version=3.2 tox={s1v_tox_pe+mm_dtox} toxm={s1v_tox_pe+mm_dtox} xj=s1v_xj_pe
    28:  + nch=1.7200001e17 lln=1 lwn=1 wln=1 wwn=-1 lint=s1v_lint_pe ll=0 lw=0 lwl=0 wint=s1v_wint_pe wl=0 ww=0 wwl=0 mobmod=1 binunit=2 dwg=0 dwb=0 rsh=s1v_rsh_pe
    29:  + vth0={s1v_vth0_pe+mm_delvt} pvth0=0 k1=s1v_k1_pe k2=s1v_k2_pe k3=-0.5 dvt0=8 dvt1=2.07 dvt2=0.1 dvt0w=0 dvt1w=0 dvt2w=0 nlx=2.24e-7 w0=0 k3b=7e-2
    30:  + ngate=9.32e19 vsat=s1v_vsat_pe ua={-2.7643932e-10} ub=2.2546092e-18 uc=1.6265005e-10 rdsw=s1v_rdsw_pe prwb=0 prwg=0 wr=1 u0={s1v_u0_pe*mm_mu0} a0=2.9669099
    31:  + keta={-8.2015020e-2} a1=0 a2=1 ags=1.2279299 b0=0 b1=0 voff=-0.1170768 nfactor=1 cit={-2.5695576e-3} cdsc=0 cdscb=0 cdscd=0 eta0=5e-2 leta0=0 etab=0 dsub=0.3
    32:  + pclm=1 pdiblc1=6e-3 pdiblc2=5e-3 pdiblcb=-0.5267781 drout=0 pscbe1=5.13e8 pscbe2=4.89e-7 pvag=0 delta=9.9999990e-3 alpha0=0 alpha1=0.001 beta0=7.6 kt1=-0.11
    33:  + kt2=4.4329650e-2 at=1e4 ute=-1.4468272 ua1=1.2158887e-9 ub1={-4.0489830e-18} uc1={-5.6549980e-10} kt1l=0 prt=0 cj=s1v_cj_pe mj=0.331 pb=s1v_pb_pe
    34:  + cjsw=s1v_cjsw_pe mjsw=0.01 pbsw=0.10 cjswg=s1v_cjswg_pe mjswg=0.7833 pbswg=0.8137 tpb=0.00173 tpbsw=0 tpbswg=0.0044 tcj=0.000949
    35:  + tcjsw=0.0000758 tcjswg=0.00388 js=s1v_js_pe jsw=s1v_jsw_pe xti=3 cgdo=s1v_cgdo_pe cgso=s1v_cgdo_pe cgbo=s1v_cgbo_pe capmod=2 elm=5
    36:  + xpart=1 cgsl=s1v_cgsl_pe cgdl=s1v_cgsl_pe ckappa=s1v_ckappa_pe cf=s1v_cf_pe clc=1e-7 cle=0.6 dlc=2.252e-8 dwc=1.2404e-8 llc={-1.2e-16}
    37:  + lwc={-6.2e-16} wlc=0 wwc=-0.15 lwlc=0 wwlc=0 acde=0.5 moin=15.6 noff=2.16 voffcv=-0.0385 lvoffcv={-3.8e-9} lnoff=7.5e-8 ijth=1
    38:  + noia=1e+19 noib=2e+3 noic=1e-11 ef=1.1 noimod=2 em=1e+8
    39:  .ends
    40:  *end of: gpdk90nm_fs.cir
    41:  *include nand.cir
    42:  *************************************
    43:  * 3 INPUT NAND GATE
    44:  *************************************
    45:  .subckt 3_in_nand y a b c vdd vss
    46:  *include param.cir
    47:  *************************************
    48:  * PARAMS
    49:  *************************************
    50:  *.param ln = 300n
    51:  *.param lp = 300n
    52:  *.param wn = 300n
    53:  *.param wp = 700n
    54:  
    55:  *.param vh = 0.54
    56:  
    57:  .param ln = 150n
    58:  .param lp = 150n
    59:  .param wn = 150n
    60:  .param wp = 1500n
    61:  
    62:  .param vh = 0.45
    63:  *end of: param.cir
    64:  xmp1 y a vdd vdd pmos1v l=lp w=wp
    65:  xmp2 y b vdd vdd pmos1v l=lp w=wp
    66:  xmp3 y c vdd vdd pmos1v l=lp w=wp
    67:  xmn1 y a 1 1 nmos1v l=ln w=wn
    68:  xmn2 1 b 2 2 nmos1v l=ln w=wn
    69:  xmn3 2 c vss vss nmos1v l=ln w=wn
    70:  .ends
    71:  
    72:  *************************************
    73:  * 2 INPUT NAND GATE
    74:  *************************************
    75:  .subckt 2_in_nand y a b vdd vss
    76:  *include param.cir
    77:  *************************************
    78:  * PARAMS
    79:  *************************************
    80:  *.param ln = 300n
    81:  *.param lp = 300n
    82:  *.param wn = 300n
    83:  *.param wp = 700n
    84:  
    85:  *.param vh = 0.54
    86:  
    87:  .param ln = 150n
    88:  .param lp = 150n
    89:  .param wn = 150n
    90:  .param wp = 1500n
    91:  
    92:  .param vh = 0.45
    93:  *end of: param.cir
    94:  xmp1 y a vdd vdd pmos1v l=lp w=wp
    95:  xmp2 y b vdd vdd pmos1v l=lp w=wp
    96:  xmn1 y a 1 1 nmos1v l=ln w=wn
    97:  xmn2 1 b vss vss nmos1v l=ln w=wn
    98:  .ends
    99:  *end of: nand.cir
   100:  *include nor.cir
   101:  *************************************
   102:  * 3 INPUT NOR GATE
   103:  *************************************
   104:  .subckt 3_in_nor y a b c vdd vss
   105:  *include param.cir
   106:  *************************************
   107:  * PARAMS
   108:  *************************************
   109:  *.param ln = 300n
   110:  *.param lp = 300n
   111:  *.param wn = 300n
   112:  *.param wp = 700n
   113:  
   114:  *.param vh = 0.54
   115:  
   116:  .param ln = 150n
   117:  .param lp = 150n
   118:  .param wn = 150n
   119:  .param wp = 1500n
   120:  
   121:  .param vh = 0.45
   122:  *end of: param.cir
   123:  xmp1 1 a vdd vdd pmos1v l=lp w=wp
   124:  xmp2 2 b 1 1 pmos1v l=lp w=wp
   125:  xmp3 y c 2 2 pmos1v l=lp w=wp
   126:  xmn1 y a vss vss nmos1v l=ln w=wn
   127:  xmn2 y b vss vss nmos1v l=ln w=wn
   128:  xmn3 y c vss vss nmos1v l=ln w=wn
   129:  .ends
   130:  
   131:  *************************************
   132:  * 2 INPUT NOR GATE
   133:  *************************************
   134:  .subckt 2_in_nor y a b vdd vss
   135:  *include param.cir
   136:  *************************************
   137:  * PARAMS
   138:  *************************************
   139:  *.param ln = 300n
   140:  *.param lp = 300n
   141:  *.param wn = 300n
   142:  *.param wp = 700n
   143:  
   144:  *.param vh = 0.54
   145:  
   146:  .param ln = 150n
   147:  .param lp = 150n
   148:  .param wn = 150n
   149:  .param wp = 1500n
   150:  
   151:  .param vh = 0.45
   152:  *end of: param.cir
   153:  xmp1 1 a vdd vdd pmos1v l=lp w=wp
   154:  xmp2 y b 1 1 pmos1v l=lp w=wp
   155:  xmn1 y a vss vss nmos1v l=ln w=wn
   156:  xmn2 y b vss vss nmos1v l=ln w=wn
   157:  .ends
   158:  *end of: nor.cir
   159:  *include not.cir
   160:  *************************************
   161:  * NOT GATE
   162:  *************************************
   163:  .subckt not noty y vdd vss
   164:  *include param.cir
   165:  *************************************
   166:  * PARAMS
   167:  *************************************
   168:  *.param ln = 300n
   169:  *.param lp = 300n
   170:  *.param wn = 300n
   171:  *.param wp = 700n
   172:  
   173:  *.param vh = 0.54
   174:  
   175:  .param ln = 150n
   176:  .param lp = 150n
   177:  .param wn = 150n
   178:  .param wp = 1500n
   179:  
   180:  .param vh = 0.45
   181:  *end of: param.cir
   182:  xmp1 noty y vdd vdd pmos1v l=lp w=wp 
   183:  xmn1 noty y vss vss nmos1v l=ln w=wn 
   184:  .ends
   185:  *end of: not.cir
   186:  
   187:  *******************************************
   188:  * VOLTAGE SOURCE
   189:  *******************************************
   190:  vdd1 vdd 0 vh
   191:  vdd2 vss 0 0
   192:  
   193:  *******************************************
   194:  * STIMULI
   195:  *******************************************
   196:  vsel sel vss 1
   197:  vrw rw vss 1
   198:  vin in vss 0
   199:  
   200:  *******************************************
   201:  * SR LATCH
   202:  *******************************************
   203:  xnandq q s notq vdd vss 2_in_nand
   204:  xnandnotq notq r q vdd vss 2_in_nand
   205:  
   206:  *******************************************
   207:  * INPUT SELECT
   208:  *******************************************
   209:  xnot notsel sel vdd vss not
   210:  xnands s in notsel rw vdd vss 3_in_nand
   211:  xnandr r s notsel rw vdd vss 3_in_nand
   212:  
   213:  *******************************************
   214:  * OUTPUT SELECT
   215:  *******************************************
   216:  xnorout out notq sel rw vdd vss 3_in_nor
   217:  
   218:  .tran 1ps 50ns 10ns 1ps

***************************  Model Parameters  ****************************


***************  Device Parameters (Only for .op analysis)  ***************



**************************  Analysis Parameters  **************************

	Stepsize ............ : 1ps
	Final time .......... : 50ns
	Display start time .. : 10ns
	Maximum step size ... : 1ps
	Use Initial Conditions: Off



**************  Options (Only those different from default)  **************



*************************  Simulation Statistics  *************************

	Total number of iterations.....................: 101686
	Number of iterations for transient analysis....: 101651
	Total number of timepoints.....................: 50008
	Number of timepoints accepted..................: 50008
	Number of timepoints rejected..................: 0
	Total analysis time (sec)......................: 5.022
	Transient analysis time (sec)..................: 5.02
	Time spent in device loading (sec).............: 2.314
	Time spent in L-U decomposition (sec)..........: 0.242
	Time spent in matrix reordering (sec)..........: 0
	Time spent in matrix solving (sec).............: 0.136
	Time spent in transient L-U decomposition (sec): 0.242
	Time spent in transient matrix solving (sec)...: 0.136

***************************  Kernel Messages  *****************************

Circuit: *******************************************

Warning: premature EOF
Warning: premature EOF
Warning: premature EOF
BSIM3 v3.3.0 Parameter Checking.
Model = norout:mn3:gpdk090_nmos1v_x
BSIM3 v3.3.0 Parameter Checking.
Model = norout:mn2:gpdk090_nmos1v_x
BSIM3 v3.3.0 Parameter Checking.
Model = norout:mn1:gpdk090_nmos1v_x
BSIM3 v3.3.0 Parameter Checking.
Model = norout:mp3:gpdk090_pmos1v_x
Warning: Pd = 1e-06 is less than W.
Warning: Ps = 1e-06 is less than W.
BSIM3 v3.3.0 Parameter Checking.
Model = norout:mp2:gpdk090_pmos1v_x
Warning: Pd = 1e-06 is less than W.
Warning: Ps = 1e-06 is less than W.
BSIM3 v3.3.0 Parameter Checking.
Model = norout:mp1:gpdk090_pmos1v_x
Warning: Pd = 1e-06 is less than W.
Warning: Ps = 1e-06 is less than W.
BSIM3 v3.3.0 Parameter Checking.
Model = nandr:mn3:gpdk090_nmos1v_x
BSIM3 v3.3.0 Parameter Checking.
Model = nandr:mn2:gpdk090_nmos1v_x
BSIM3 v3.3.0 Parameter Checking.
Model = nandr:mn1:gpdk090_nmos1v_x
BSIM3 v3.3.0 Parameter Checking.
Model = nandr:mp3:gpdk090_pmos1v_x
Warning: Pd = 1e-06 is less than W.
Warning: Ps = 1e-06 is less than W.
BSIM3 v3.3.0 Parameter Checking.
Model = nandr:mp2:gpdk090_pmos1v_x
Warning: Pd = 1e-06 is less than W.
Warning: Ps = 1e-06 is less than W.
BSIM3 v3.3.0 Parameter Checking.
Model = nandr:mp1:gpdk090_pmos1v_x
Warning: Pd = 1e-06 is less than W.
Warning: Ps = 1e-06 is less than W.
BSIM3 v3.3.0 Parameter Checking.
Model = nands:mn3:gpdk090_nmos1v_x
BSIM3 v3.3.0 Parameter Checking.
Model = nands:mn2:gpdk090_nmos1v_x
BSIM3 v3.3.0 Parameter Checking.
Model = nands:mn1:gpdk090_nmos1v_x
BSIM3 v3.3.0 Parameter Checking.
Model = nands:mp3:gpdk090_pmos1v_x
Warning: Pd = 1e-06 is less than W.
Warning: Ps = 1e-06 is less than W.
BSIM3 v3.3.0 Parameter Checking.
Model = nands:mp2:gpdk090_pmos1v_x
Warning: Pd = 1e-06 is less than W.
Warning: Ps = 1e-06 is less than W.
BSIM3 v3.3.0 Parameter Checking.
Model = nands:mp1:gpdk090_pmos1v_x
Warning: Pd = 1e-06 is less than W.
Warning: Ps = 1e-06 is less than W.
BSIM3 v3.3.0 Parameter Checking.
Model = not:mn1:gpdk090_nmos1v_x
BSIM3 v3.3.0 Parameter Checking.
Model = not:mp1:gpdk090_pmos1v_x
Warning: Pd = 1e-06 is less than W.
Warning: Ps = 1e-06 is less than W.
BSIM3 v3.3.0 Parameter Checking.
Model = nandnotq:mn2:gpdk090_nmos1v_x
BSIM3 v3.3.0 Parameter Checking.
Model = nandnotq:mn1:gpdk090_nmos1v_x
BSIM3 v3.3.0 Parameter Checking.
Model = nandnotq:mp2:gpdk090_pmos1v_x
Warning: Pd = 1e-06 is less than W.
Warning: Ps = 1e-06 is less than W.
BSIM3 v3.3.0 Parameter Checking.
Model = nandnotq:mp1:gpdk090_pmos1v_x
Warning: Pd = 1e-06 is less than W.
Warning: Ps = 1e-06 is less than W.
BSIM3 v3.3.0 Parameter Checking.
Model = nandq:mn2:gpdk090_nmos1v_x
BSIM3 v3.3.0 Parameter Checking.
Model = nandq:mn1:gpdk090_nmos1v_x
BSIM3 v3.3.0 Parameter Checking.
Model = nandq:mp2:gpdk090_pmos1v_x
Warning: Pd = 1e-06 is less than W.
Warning: Ps = 1e-06 is less than W.
BSIM3 v3.3.0 Parameter Checking.
Model = nandq:mp1:gpdk090_pmos1v_x
Warning: Pd = 1e-06 is less than W.
Warning: Ps = 1e-06 is less than W.
Warning: Node vdd has less than two connections
Warning: Node sel has less than two connections
Warning: Node rw has less than two connections
Warning: Node in has less than two connections
BSIM3 v3.3.0 Parameter Checking.
Model = norout:mn3:gpdk090_nmos1v_x
BSIM3 v3.3.0 Parameter Checking.
Model = norout:mn2:gpdk090_nmos1v_x
BSIM3 v3.3.0 Parameter Checking.
Model = norout:mn1:gpdk090_nmos1v_x
BSIM3 v3.3.0 Parameter Checking.
Model = norout:mp3:gpdk090_pmos1v_x
Warning: Pd = 1e-06 is less than W.
Warning: Ps = 1e-06 is less than W.
BSIM3 v3.3.0 Parameter Checking.
Model = norout:mp2:gpdk090_pmos1v_x
Warning: Pd = 1e-06 is less than W.
Warning: Ps = 1e-06 is less than W.
BSIM3 v3.3.0 Parameter Checking.
Model = norout:mp1:gpdk090_pmos1v_x
Warning: Pd = 1e-06 is less than W.
Warning: Ps = 1e-06 is less than W.
BSIM3 v3.3.0 Parameter Checking.
Model = nandr:mn3:gpdk090_nmos1v_x
BSIM3 v3.3.0 Parameter Checking.
Model = nandr:mn2:gpdk090_nmos1v_x
BSIM3 v3.3.0 Parameter Checking.
Model = nandr:mn1:gpdk090_nmos1v_x
BSIM3 v3.3.0 Parameter Checking.
Model = nandr:mp3:gpdk090_pmos1v_x
Warning: Pd = 1e-06 is less than W.
Warning: Ps = 1e-06 is less than W.
BSIM3 v3.3.0 Parameter Checking.
Model = nandr:mp2:gpdk090_pmos1v_x
Warning: Pd = 1e-06 is less than W.
Warning: Ps = 1e-06 is less than W.
BSIM3 v3.3.0 Parameter Checking.
Model = nandr:mp1:gpdk090_pmos1v_x
Warning: Pd = 1e-06 is less than W.
Warning: Ps = 1e-06 is less than W.
BSIM3 v3.3.0 Parameter Checking.
Model = nands:mn3:gpdk090_nmos1v_x
BSIM3 v3.3.0 Parameter Checking.
Model = nands:mn2:gpdk090_nmos1v_x
BSIM3 v3.3.0 Parameter Checking.
Model = nands:mn1:gpdk090_nmos1v_x
BSIM3 v3.3.0 Parameter Checking.
Model = nands:mp3:gpdk090_pmos1v_x
Warning: Pd = 1e-06 is less than W.
Warning: Ps = 1e-06 is less than W.
BSIM3 v3.3.0 Parameter Checking.
Model = nands:mp2:gpdk090_pmos1v_x
Warning: Pd = 1e-06 is less than W.
Warning: Ps = 1e-06 is less than W.
BSIM3 v3.3.0 Parameter Checking.
Model = nands:mp1:gpdk090_pmos1v_x
Warning: Pd = 1e-06 is less than W.
Warning: Ps = 1e-06 is less than W.
BSIM3 v3.3.0 Parameter Checking.
Model = not:mn1:gpdk090_nmos1v_x
BSIM3 v3.3.0 Parameter Checking.
Model = not:mp1:gpdk090_pmos1v_x
Warning: Pd = 1e-06 is less than W.
Warning: Ps = 1e-06 is less than W.
BSIM3 v3.3.0 Parameter Checking.
Model = nandnotq:mn2:gpdk090_nmos1v_x
BSIM3 v3.3.0 Parameter Checking.
Model = nandnotq:mn1:gpdk090_nmos1v_x
BSIM3 v3.3.0 Parameter Checking.
Model = nandnotq:mp2:gpdk090_pmos1v_x
Warning: Pd = 1e-06 is less than W.
Warning: Ps = 1e-06 is less than W.
BSIM3 v3.3.0 Parameter Checking.
Model = nandnotq:mp1:gpdk090_pmos1v_x
Warning: Pd = 1e-06 is less than W.
Warning: Ps = 1e-06 is less than W.
BSIM3 v3.3.0 Parameter Checking.
Model = nandq:mn2:gpdk090_nmos1v_x
BSIM3 v3.3.0 Parameter Checking.
Model = nandq:mn1:gpdk090_nmos1v_x
BSIM3 v3.3.0 Parameter Checking.
Model = nandq:mp2:gpdk090_pmos1v_x
Warning: Pd = 1e-06 is less than W.
Warning: Ps = 1e-06 is less than W.
BSIM3 v3.3.0 Parameter Checking.
Model = nandq:mp1:gpdk090_pmos1v_x
Warning: Pd = 1e-06 is less than W.
Warning: Ps = 1e-06 is less than W.

