Active-HDL 13.0.376.8320 2022-11-10 17:48:54

Elaboration top modules:
Verilog Module                finite_state_machine_tb


------------------------------------------------------------------------------------------------
Verilog Module          | Library      | Info | Compiler Version          | Compilation Options
------------------------------------------------------------------------------------------------
finite_state_machine_tb | memory-array |      | 13.0.376.8320 (Windows64) | -O2 -sv2k12
finite_state_machine    | memory-array |      | 13.0.376.8320 (Windows64) | -O2 -sv2k12
memory_unit             | memory-array |      | 13.0.376.8320 (Windows64) | -O2 -sv2k12
d_flipflop              | memory-array |      | 13.0.376.8320 (Windows64) | -O2 -sv2k12
sr_latch                | memory-array |      | 13.0.376.8320 (Windows64) | -O2 -sv2k12
decoder                 | memory-array |      | 13.0.376.8320 (Windows64) | -O2 -sv2k12
word                    | memory-array |      | 13.0.376.8320 (Windows64) | -O2 -sv2k12
or_gate_8               | memory-array |      | 13.0.376.8320 (Windows64) | -O2 -sv2k12
bitcell                 | memory-array |      | 13.0.376.8320 (Windows64) | -O2 -sv2k12
------------------------------------------------------------------------------------------------

------------------------------------------------------------------------------------------------
Library                 | Comment
------------------------------------------------------------------------------------------------
memory-array            | None
------------------------------------------------------------------------------------------------
